2025-05-29 12:54:07,889 | INFO | __main__ | 

 __  __            _ _             ____        _
|  \/  | ___  __ _| (_)_ __   __ _| __ )  ___ | |_
| |\/| |/ _ \/ _` | | | '_ \ / _` |  _ \ / _ \| __|
| |  | |  __| (_| | | | | | | (_| | |_) | (_) | |_
|_|  |_|\___|\__, |_|_|_| |_|\__, |____/ \___/ \__|
             |___/           |___/
             By Algabo & Phothonx.

----------------------------------------------------
[~~] Launching MeglingBot...

2025-05-29 12:54:11,049 | INFO | __main__ | 
------------------- APP INFO -----------------------
APP NAME : Megling
APP ID : 1067505208420221008
OWNER ID : team1069221651549540423
GUILDS : 2 servers
----------------------------------------------------

2025-05-29 12:54:11,049 | INFO | megling.extloader | (Re)Loading extension(s)...
2025-05-29 12:54:11,059 | INFO | megling.cogs.vc | [~~] Loading vc...
2025-05-29 12:54:11,059 | INFO | megling.cogs.vc | [OK] vc loaded
2025-05-29 12:54:11,060 | INFO | megling.cogs.admin | [~~]Loading admin...
2025-05-29 12:54:11,060 | INFO | megling.cogs.admin | [OK] admin loaded
2025-05-29 12:54:11,060 | INFO | __main__ | [~~] Syncing Slash commands...
2025-05-29 12:54:11,061 | INFO | megling.cogs.vc | [~~] SQLite checkup...
2025-05-29 12:54:11,064 | INFO | megling.cogs.vc | [OK] SQLite checkup completed
2025-05-29 12:54:11,065 | INFO | megling.cogs.vc | [~~] Cleaning leftover channels...
2025-05-29 12:54:11,066 | INFO | megling.cogs.vc | [OK] Cleaned voice channels
2025-05-29 12:54:11,067 | INFO | megling.cogs.vc | [~~] Cleaning leftover channels...
2025-05-29 12:54:11,067 | INFO | megling.cogs.vc | [OK] Cleaned voice channels
2025-05-29 12:54:11,656 | INFO | __main__ | [OK] Synced commands

2025-05-29 12:54:11,656 | INFO | __main__ | [OK] Logged in as Megling#1409

2025-05-29 12:56:08,262 | INFO | __main__ | 

 __  __            _ _             ____        _
|  \/  | ___  __ _| (_)_ __   __ _| __ )  ___ | |_
| |\/| |/ _ \/ _` | | | '_ \ / _` |  _ \ / _ \| __|
| |  | |  __| (_| | | | | | | (_| | |_) | (_) | |_
|_|  |_|\___|\__, |_|_|_| |_|\__, |____/ \___/ \__|
             |___/           |___/
             By Algabo & Phothonx.

----------------------------------------------------
[~~] Launching MeglingBot...

2025-05-29 12:56:11,951 | INFO | __main__ | 

------------------- APP INFO -----------------------
APP NAME : Megling
APP ID : 1067505208420221008
OWNER ID : team1069221651549540423
GUILDS : 2 servers
----------------------------------------------------

2025-05-29 12:56:11,951 | INFO | megling.extloader | (Re)Loading extension(s)...
2025-05-29 12:56:11,965 | INFO | megling.cogs.vc | [~~] Loading vc...
2025-05-29 12:56:11,966 | INFO | megling.cogs.vc | [OK] vc loaded
2025-05-29 12:56:11,967 | INFO | megling.cogs.admin | [~~]Loading admin...
2025-05-29 12:56:11,967 | INFO | megling.cogs.admin | [OK] admin loaded
2025-05-29 12:56:11,967 | INFO | __main__ | [~~] Syncing Slash commands...
2025-05-29 12:56:11,968 | INFO | megling.cogs.vc | [~~] SQLite checkup...
2025-05-29 12:56:11,971 | INFO | megling.cogs.vc | [OK] SQLite checkup completed
2025-05-29 12:56:11,972 | INFO | megling.cogs.vc | [~~] Cleaning leftover channels...
2025-05-29 12:56:11,973 | INFO | megling.cogs.vc | [OK] Cleaned voice channels
2025-05-29 12:56:12,567 | INFO | __main__ | [OK] Synced commands

2025-05-29 12:56:12,568 | INFO | __main__ | 
[OK] Logged in as Megling#1409

